System Bootstrap, Version 11.0(10c), SOFTWARE                                
Copyright (c) 1986-1996 by cisco Systems                                     
2500 processor with 2048 Kbytes of main memory                               
                                                                             
%SYS-4-CONFIG_NEWER: Configurations from version 11.1 may not be correctly understood.
F3: 4833224+110780+220932 at 0x3000060                      
                                                            
              Restricted Rights Legend                      
                                                            
Use, duplication, or disclosure by the Government is        
subject to restrictions as set forth in subparagraph
(c) of the Commercial Computer Software - Restricted
Rights clause at FAR sec. 52.227-19 and subparagraph
(c) (1) (ii) of the Rights in Technical Data and Computer
Software clause at DFARS sec. 252.227-7013.

           cisco Systems, Inc.
           170 West Tasman Drive
           San Jose, California 95134-1706



Cisco Internetwork Operating System Software 
IOS (tm) 3000 Software (IGS-D-L), Version 11.1(13), RELEASE SOFTWARE (fc1)
Copyright (c) 1986-1997 by cisco Systems, Inc.
Compiled Tue 15-Jul-97 15:18 by tlane
Image text-base: 0x03028600, data-base: 0x00001000

cisco 2500 (68030) processor (revision N) with 2048K/2048K bytes of memory.
Processor board ID 07003370, with hardware revision 00000001
Bridging software.
X.25 software, Version 2.0, NET2, BFE and GOSIP compliant.
Basic Rate ISDN software, Version 1.0.
1 Ethernet/IEEE 802.3 interface.
2 Serial network interfaces.
1 ISDN Basic Rate interface.
32K bytes of non-volatile configuration memory.
8192K bytes of processor board System flash (Read ONLY)



Press RETURN to get started!


%LINK-3-UPDOWN: Interface BRI0, changed state to up
%LINK-3-UPDOWN: Interface Ethernet0, changed state to up
%LINK-3-UPDOWN: Interface Serial0, changed state to down
%LINK-3-UPDOWN: Interface Serial1, changed state to down
%LINEPROTO-5-UPDOWN: Line protocol on Interface BRI0, changed state to down
%LINEPROTO-5-UPDOWN: Line protocol on Interface Ethernet0, changed state to down
%LINEPROTO-5-UPDOWN: Line protocol on Interface Serial0, changed state to down
%LINEPROTO-5-UPDOWN: Line protocol on Interface Serial1, changed state to down
%LINK-5-CHANGED: Interface BRI0, changed state to administratively down
%SYS-5-CONFIG_I: Configured from memory by console
%SYS-5-RESTART: System restarted --
Cisco Internetwork Operating System Software 
IOS (tm) 3000 Software (IGS-D-L), Version 11.1(13), RELEASE SOFTWARE (fc1)
Copyright (c) 1986-1997 by cisco Systems, Inc.
Compiled Tue 15-Jul-97 15:18 by tlane
